build/app/intermediates/manifest_merge_blame_file/debug/manifest-merger-blame-debug-report.txt
1<?xml version="1.0" encoding="utf-8"?>
2<manifest xmlns:android="http://schemas.android.com/apk/res/android"
3    package="com.example.app"
4    android:versionCode="1"
5    android:versionName="1.0.0" >
6
7    <uses-sdk
8        android:minSdkVersion="21"
9        android:targetSdkVersion="34" />
10    <!--
11         The INTERNET permission is required for development. Specifically,
12         the Flutter tool needs it to communicate with the running application
13         to allow setting breakpoints, to provide hot reload, etc.
14    -->
15    <uses-permission android:name="android.permission.INTERNET" />
15-->src/main/AndroidManifest.xml:64:5-66
15-->src/main/AndroidManifest.xml:64:22-64
16    <!--
17     Required to query activities that can process text, see:
18         https://developer.android.com/training/package-visibility and
19         https://developer.android.com/reference/android/content/Intent#ACTION_PROCESS_TEXT.
20
21         In particular, this is used by the Flutter engine in io.flutter.plugin.text.ProcessTextPlugin.
22    -->
23    <queries>
23-->src/main/AndroidManifest.xml:48:5-63:15
24        <intent>
24-->src/main/AndroidManifest.xml:49:9-52:18
25            <action android:name="android.intent.action.PROCESS_TEXT" />
25-->src/main/AndroidManifest.xml:50:13-72
25-->src/main/AndroidManifest.xml:50:21-70
26
27            <data android:mimeType="text/plain" />
27-->src/main/AndroidManifest.xml:51:13-50
27-->src/main/AndroidManifest.xml:51:19-48
28        </intent>
29        <!-- If your app checks for SMS support -->
30        <intent>
30-->src/main/AndroidManifest.xml:54:9-57:22
31            <action android:name="android.intent.action.VIEW" />
31-->src/main/AndroidManifest.xml:55:13-65
31-->src/main/AndroidManifest.xml:55:21-62
32
33            <data android:scheme="sms" />
33-->src/main/AndroidManifest.xml:51:13-50
34        </intent>
35        <!-- If your app checks for call support -->
36        <intent>
36-->src/main/AndroidManifest.xml:59:13-62:22
37            <action android:name="android.intent.action.VIEW" />
37-->src/main/AndroidManifest.xml:55:13-65
37-->src/main/AndroidManifest.xml:55:21-62
38
39            <data android:scheme="tel" />
39-->src/main/AndroidManifest.xml:51:13-50
40        </intent>
41    </queries>
42
43    <uses-permission android:name="android.permission.CAMERA" />
43-->src/main/AndroidManifest.xml:65:5-64
43-->src/main/AndroidManifest.xml:65:22-62
44    <uses-permission android:name="android.permission.RECORD_AUDIO" />
44-->src/main/AndroidManifest.xml:66:1-67
44-->src/main/AndroidManifest.xml:66:18-64
45
46    <uses-feature android:name="android.hardware.camera.any" />
46-->[:camera_android_camerax] AndroidManifest.xml:10:5-64
46-->[:camera_android_camerax] AndroidManifest.xml:10:19-61
47
48    <uses-permission
48-->[:camera_android_camerax] AndroidManifest.xml:14:5-16:38
49        android:name="android.permission.WRITE_EXTERNAL_STORAGE"
49-->[:camera_android_camerax] AndroidManifest.xml:15:9-65
50        android:maxSdkVersion="28" />
50-->[:camera_android_camerax] AndroidManifest.xml:16:9-35
51
52    <permission
52-->[androidx.core:core:1.10.1] AndroidManifest.xml:22:5-24:47
53        android:name="com.example.app.DYNAMIC_RECEIVER_NOT_EXPORTED_PERMISSION"
53-->[androidx.core:core:1.10.1] AndroidManifest.xml:23:9-81
54        android:protectionLevel="signature" />
54-->[androidx.core:core:1.10.1] AndroidManifest.xml:24:9-44
55
56    <uses-permission android:name="com.example.app.DYNAMIC_RECEIVER_NOT_EXPORTED_PERMISSION" />
56-->[androidx.core:core:1.10.1] AndroidManifest.xml:26:5-97
56-->[androidx.core:core:1.10.1] AndroidManifest.xml:26:22-94
57
58    <application
59        android:name="android.app.Application"
60        android:appComponentFactory="androidx.core.app.CoreComponentFactory"
60-->[androidx.core:core:1.10.1] AndroidManifest.xml:28:18-86
61        android:debuggable="true"
62        android:icon="@mipmap/ic_launcher"
63        android:label="app" >
64        <activity
65            android:name="com.example.app.MainActivity"
66            android:configChanges="orientation|keyboardHidden|keyboard|screenSize|smallestScreenSize|locale|layoutDirection|fontScale|screenLayout|density|uiMode"
67            android:exported="true"
68            android:hardwareAccelerated="true"
69            android:launchMode="singleTop"
70            android:taskAffinity=""
71            android:theme="@style/LaunchTheme"
72            android:windowSoftInputMode="adjustResize" >
73
74            <!--
75                 Specifies an Android theme to apply to this Activity as soon as
76                 the Android process has started. This theme is visible to the user
77                 while the Flutter UI initializes. After that, this theme continues
78                 to determine the Window background behind the Flutter UI.
79            -->
80            <meta-data
81                android:name="io.flutter.embedding.android.NormalTheme"
82                android:resource="@style/NormalTheme" />
83
84            <intent-filter>
85                <action android:name="android.intent.action.MAIN" />
86
87                <category android:name="android.intent.category.LAUNCHER" />
88            </intent-filter>
89            <!-- Deep linking -->
90            <meta-data
91                android:name="flutter_deeplinking_enabled"
92                android:value="true" />
93
94            <intent-filter android:autoVerify="true" >
95                <action android:name="android.intent.action.VIEW" />
95-->src/main/AndroidManifest.xml:55:13-65
95-->src/main/AndroidManifest.xml:55:21-62
96
97                <category android:name="android.intent.category.DEFAULT" />
98                <category android:name="android.intent.category.BROWSABLE" />
99
100                <data
100-->src/main/AndroidManifest.xml:51:13-50
101                    android:host="flutterbooksample.com"
102                    android:scheme="http" />
103                <data
103-->src/main/AndroidManifest.xml:51:13-50
104                    android:host="flutterbooksample.com"
105                    android:scheme="https" />
106            </intent-filter>
107        </activity>
108        <!--
109             Don't delete the meta-data below.
110             This is used by the Flutter tool to generate GeneratedPluginRegistrant.java
111        -->
112        <meta-data
113            android:name="flutterEmbedding"
114            android:value="2" />
115
116        <provider
116-->[:image_picker_android] AndroidManifest.xml:11:9-19:20
117            android:name="io.flutter.plugins.imagepicker.ImagePickerFileProvider"
117-->[:image_picker_android] AndroidManifest.xml:12:13-82
118            android:authorities="com.example.app.flutter.image_provider"
118-->[:image_picker_android] AndroidManifest.xml:13:13-74
119            android:exported="false"
119-->[:image_picker_android] AndroidManifest.xml:14:13-37
120            android:grantUriPermissions="true" >
120-->[:image_picker_android] AndroidManifest.xml:15:13-47
121            <meta-data
121-->[:image_picker_android] AndroidManifest.xml:16:13-18:75
122                android:name="android.support.FILE_PROVIDER_PATHS"
122-->[:image_picker_android] AndroidManifest.xml:17:17-67
123                android:resource="@xml/flutter_image_picker_file_paths" />
123-->[:image_picker_android] AndroidManifest.xml:18:17-72
124        </provider> <!-- Trigger Google Play services to install the backported photo picker module. -->
125        <service
125-->[:image_picker_android] AndroidManifest.xml:21:9-33:19
126            android:name="com.google.android.gms.metadata.ModuleDependencies"
126-->[:image_picker_android] AndroidManifest.xml:22:13-78
127            android:enabled="false"
127-->[:image_picker_android] AndroidManifest.xml:23:13-36
128            android:exported="false" >
128-->[:image_picker_android] AndroidManifest.xml:24:13-37
129            <intent-filter>
129-->[:image_picker_android] AndroidManifest.xml:26:13-28:29
130                <action android:name="com.google.android.gms.metadata.MODULE_DEPENDENCIES" />
130-->[:image_picker_android] AndroidManifest.xml:27:17-94
130-->[:image_picker_android] AndroidManifest.xml:27:25-91
131            </intent-filter>
132
133            <meta-data
133-->[:image_picker_android] AndroidManifest.xml:30:13-32:36
134                android:name="photopicker_activity:0:required"
134-->[:image_picker_android] AndroidManifest.xml:31:17-63
135                android:value="" />
135-->[:image_picker_android] AndroidManifest.xml:32:17-33
136        </service>
137
138        <activity
138-->[:url_launcher_android] AndroidManifest.xml:10:9-13:74
139            android:name="io.flutter.plugins.urllauncher.WebViewActivity"
139-->[:url_launcher_android] AndroidManifest.xml:11:13-74
140            android:exported="false"
140-->[:url_launcher_android] AndroidManifest.xml:12:13-37
141            android:theme="@android:style/Theme.NoTitleBar.Fullscreen" />
141-->[:url_launcher_android] AndroidManifest.xml:13:13-71
142
143        <service
143-->[androidx.camera:camera-camera2:1.3.4] AndroidManifest.xml:24:9-33:19
144            android:name="androidx.camera.core.impl.MetadataHolderService"
144-->[androidx.camera:camera-camera2:1.3.4] AndroidManifest.xml:25:13-75
145            android:enabled="false"
145-->[androidx.camera:camera-camera2:1.3.4] AndroidManifest.xml:26:13-36
146            android:exported="false" >
146-->[androidx.camera:camera-camera2:1.3.4] AndroidManifest.xml:27:13-37
147            <meta-data
147-->[androidx.camera:camera-camera2:1.3.4] AndroidManifest.xml:30:13-32:89
148                android:name="androidx.camera.core.impl.MetadataHolderService.DEFAULT_CONFIG_PROVIDER"
148-->[androidx.camera:camera-camera2:1.3.4] AndroidManifest.xml:31:17-103
149                android:value="androidx.camera.camera2.Camera2Config$DefaultProvider" />
149-->[androidx.camera:camera-camera2:1.3.4] AndroidManifest.xml:32:17-86
150        </service>
151
152        <uses-library
152-->[androidx.window:window:1.0.0-beta04] AndroidManifest.xml:25:9-27:40
153            android:name="androidx.window.extensions"
153-->[androidx.window:window:1.0.0-beta04] AndroidManifest.xml:26:13-54
154            android:required="false" />
154-->[androidx.window:window:1.0.0-beta04] AndroidManifest.xml:27:13-37
155        <uses-library
155-->[androidx.window:window:1.0.0-beta04] AndroidManifest.xml:28:9-30:40
156            android:name="androidx.window.sidecar"
156-->[androidx.window:window:1.0.0-beta04] AndroidManifest.xml:29:13-51
157            android:required="false" />
157-->[androidx.window:window:1.0.0-beta04] AndroidManifest.xml:30:13-37
158
159        <provider
159-->[androidx.emoji2:emoji2:1.2.0] AndroidManifest.xml:24:9-32:20
160            android:name="androidx.startup.InitializationProvider"
160-->[androidx.emoji2:emoji2:1.2.0] AndroidManifest.xml:25:13-67
161            android:authorities="com.example.app.androidx-startup"
161-->[androidx.emoji2:emoji2:1.2.0] AndroidManifest.xml:26:13-68
162            android:exported="false" >
162-->[androidx.emoji2:emoji2:1.2.0] AndroidManifest.xml:27:13-37
163            <meta-data
163-->[androidx.emoji2:emoji2:1.2.0] AndroidManifest.xml:29:13-31:52
164                android:name="androidx.emoji2.text.EmojiCompatInitializer"
164-->[androidx.emoji2:emoji2:1.2.0] AndroidManifest.xml:30:17-75
165                android:value="androidx.startup" />
165-->[androidx.emoji2:emoji2:1.2.0] AndroidManifest.xml:31:17-49
166            <meta-data
166-->[androidx.lifecycle:lifecycle-process:2.6.1] AndroidManifest.xml:29:13-31:52
167                android:name="androidx.lifecycle.ProcessLifecycleInitializer"
167-->[androidx.lifecycle:lifecycle-process:2.6.1] AndroidManifest.xml:30:17-78
168                android:value="androidx.startup" />
168-->[androidx.lifecycle:lifecycle-process:2.6.1] AndroidManifest.xml:31:17-49
169            <meta-data
169-->[androidx.profileinstaller:profileinstaller:1.3.0] AndroidManifest.xml:29:13-31:52
170                android:name="androidx.profileinstaller.ProfileInstallerInitializer"
170-->[androidx.profileinstaller:profileinstaller:1.3.0] AndroidManifest.xml:30:17-85
171                android:value="androidx.startup" />
171-->[androidx.profileinstaller:profileinstaller:1.3.0] AndroidManifest.xml:31:17-49
172        </provider>
173
174        <receiver
174-->[androidx.profileinstaller:profileinstaller:1.3.0] AndroidManifest.xml:34:9-52:20
175            android:name="androidx.profileinstaller.ProfileInstallReceiver"
175-->[androidx.profileinstaller:profileinstaller:1.3.0] AndroidManifest.xml:35:13-76
176            android:directBootAware="false"
176-->[androidx.profileinstaller:profileinstaller:1.3.0] AndroidManifest.xml:36:13-44
177            android:enabled="true"
177-->[androidx.profileinstaller:profileinstaller:1.3.0] AndroidManifest.xml:37:13-35
178            android:exported="true"
178-->[androidx.profileinstaller:profileinstaller:1.3.0] AndroidManifest.xml:38:13-36
179            android:permission="android.permission.DUMP" >
179-->[androidx.profileinstaller:profileinstaller:1.3.0] AndroidManifest.xml:39:13-57
180            <intent-filter>
180-->[androidx.profileinstaller:profileinstaller:1.3.0] AndroidManifest.xml:40:13-42:29
181                <action android:name="androidx.profileinstaller.action.INSTALL_PROFILE" />
181-->[androidx.profileinstaller:profileinstaller:1.3.0] AndroidManifest.xml:41:17-91
181-->[androidx.profileinstaller:profileinstaller:1.3.0] AndroidManifest.xml:41:25-88
182            </intent-filter>
183            <intent-filter>
183-->[androidx.profileinstaller:profileinstaller:1.3.0] AndroidManifest.xml:43:13-45:29
184                <action android:name="androidx.profileinstaller.action.SKIP_FILE" />
184-->[androidx.profileinstaller:profileinstaller:1.3.0] AndroidManifest.xml:44:17-85
184-->[androidx.profileinstaller:profileinstaller:1.3.0] AndroidManifest.xml:44:25-82
185            </intent-filter>
186            <intent-filter>
186-->[androidx.profileinstaller:profileinstaller:1.3.0] AndroidManifest.xml:46:13-48:29
187                <action android:name="androidx.profileinstaller.action.SAVE_PROFILE" />
187-->[androidx.profileinstaller:profileinstaller:1.3.0] AndroidManifest.xml:47:17-88
187-->[androidx.profileinstaller:profileinstaller:1.3.0] AndroidManifest.xml:47:25-85
188            </intent-filter>
189            <intent-filter>
189-->[androidx.profileinstaller:profileinstaller:1.3.0] AndroidManifest.xml:49:13-51:29
190                <action android:name="androidx.profileinstaller.action.BENCHMARK_OPERATION" />
190-->[androidx.profileinstaller:profileinstaller:1.3.0] AndroidManifest.xml:50:17-95
190-->[androidx.profileinstaller:profileinstaller:1.3.0] AndroidManifest.xml:50:25-92
191            </intent-filter>
192        </receiver>
193    </application>
194
195</manifest>